#
# There is insufficient memory for the Java Runtime Environment to continue.
# Native memory allocation (malloc) failed to allocate 107776 bytes for Chunk::new
# Possible reasons:
#   The system is out of physical RAM or swap space
#   The process is running with CompressedOops enabled, and the Java Heap may be blocking the growth of the native heap
# Possible solutions:
#   Reduce memory load on the system
#   Increase physical memory or swap space
#   Check if swap backing store is full
#   Decrease Java heap size (-Xmx/-Xms)
#   Decrease number of Java threads
#   Decrease Java thread stack sizes (-Xss)
#   Set larger code cache with -XX:ReservedCodeCacheSize=
#   JVM is running with Unscaled Compressed Oops mode in which the Java heap is
#     placed in the first 4GB address space. The Java Heap base address is the
#     maximum limit for the native heap growth. Please use -XX:HeapBaseMinAddress
#     to set the Java Heap base and to place the Java Heap above 4GB virtual address.
# This output file may be truncated or incomplete.
#
#  Out of Memory Error (allocation.cpp:389), pid=3084, tid=0x0000000000001888
#
# JRE version: OpenJDK Runtime Environment (8.0_212-b04) (build 1.8.0_212-release-1586-b04)
# Java VM: OpenJDK 64-Bit Server VM (25.212-b04 mixed mode windows-amd64 compressed oops)
# Failed to write core dump. Minidumps are not enabled by default on client versions of Windows
#

---------------  T H R E A D  ---------------

Current thread (0x000000001637c800):  JavaThread "C2 CompilerThread0" daemon [_thread_in_native, id=6280, stack(0x00000000179d0000,0x0000000017ad0000)]

Stack: [0x00000000179d0000,0x0000000017ad0000]
[error occurred during error reporting (printing stack bounds), id 0xc0000005]

Native frames: (J=compiled Java code, j=interpreted, Vv=VM code, C=native code)


Current CompileTask:
C2: 763877 3728       4       java.beans.MethodRef::get (91 bytes)


---------------  P R O C E S S  ---------------

Java Threads: ( => current thread )
  0x00000000198cc800 JavaThread "Build operations Thread 4" [_thread_blocked, id=1884, stack(0x000000001e7a0000,0x000000001e8a0000)]
  0x00000000198ce000 JavaThread "Build operations Thread 3" [_thread_blocked, id=2732, stack(0x000000001e6a0000,0x000000001e7a0000)]
  0x00000000198cd800 JavaThread "Build operations Thread 2" [_thread_blocked, id=4784, stack(0x000000001e5a0000,0x000000001e6a0000)]
  0x00000000198c8000 JavaThread "Build operations" [_thread_blocked, id=6740, stack(0x000000001e4a0000,0x000000001e5a0000)]
  0x0000000018bdf000 JavaThread "Cache worker for execution history cache (C:\Users\Roy Kathurima\.gradle\caches\5.6.4\executionHistory)" [_thread_blocked, id=6616, stack(0x000000001e1a0000,0x000000001e2a0000)]
  0x0000000018bdd800 JavaThread "Cache worker for cache directory md-rule (C:\Users\Roy Kathurima\.gradle\caches\5.6.4\md-rule)" [_thread_blocked, id=5368, stack(0x000000001e0a0000,0x000000001e1a0000)]
  0x0000000018bdc800 JavaThread "Cache worker for cache directory md-supplier (C:\Users\Roy Kathurima\.gradle\caches\5.6.4\md-supplier)" [_thread_blocked, id=3664, stack(0x000000001d980000,0x000000001da80000)]
  0x0000000018be0800 JavaThread "Cache worker for file hash cache (C:\Users\Public\AndroidStudioProjects\Task2App\.gradle\5.6.4\fileHashes)" [_thread_blocked, id=5832, stack(0x000000001abe0000,0x000000001ace0000)]
  0x0000000018be2000 JavaThread "Cache worker for journal cache (C:\Users\Roy Kathurima\.gradle\caches\journal-1)" [_thread_blocked, id=6816, stack(0x000000001b0e0000,0x000000001b1e0000)]
  0x0000000018bdf800 JavaThread "File lock request listener" [_thread_in_native, id=1912, stack(0x000000001afe0000,0x000000001b0e0000)]
  0x0000000018aeb000 JavaThread "Cache worker for file hash cache (C:\Users\Roy Kathurima\.gradle\caches\5.6.4\fileHashes)" [_thread_blocked, id=2236, stack(0x0000000019bc0000,0x0000000019cc0000)]
  0x00000000191bd800 JavaThread "Thread-9" [_thread_blocked, id=3076, stack(0x0000000019ac0000,0x0000000019bc0000)]
  0x0000000019425000 JavaThread "Asynchronous log dispatcher for DefaultDaemonConnection: socket connection from /127.0.0.1:51419 to /127.0.0.1:51420" [_thread_blocked, id=3464, stack(0x000000001aae0000,0x000000001abe0000)]
  0x0000000018f97000 JavaThread "Daemon worker" [_thread_blocked, id=6004, stack(0x000000001a9e0000,0x000000001aae0000)]
  0x0000000019506000 JavaThread "Cancel handler" [_thread_blocked, id=3424, stack(0x000000001a8e0000,0x000000001a9e0000)]
  0x0000000019036800 JavaThread "Handler for socket connection from /127.0.0.1:51419 to /127.0.0.1:51420" [_thread_in_native, id=1468, stack(0x000000001a5e0000,0x000000001a6e0000)]
  0x0000000019035800 JavaThread "Daemon" [_thread_blocked, id=440, stack(0x000000001a4e0000,0x000000001a5e0000)]
  0x00000000186ed800 JavaThread "Daemon periodic checks" [_thread_blocked, id=788, stack(0x000000001a3e0000,0x000000001a4e0000)]
  0x000000001926e800 JavaThread "Incoming local TCP Connector on port 51419" [_thread_in_native, id=1796, stack(0x000000001a000000,0x000000001a100000)]
  0x0000000018b7f800 JavaThread "Daemon health stats" [_thread_blocked, id=980, stack(0x0000000000d30000,0x0000000000e30000)]
  0x0000000017cf0800 JavaThread "Service Thread" daemon [_thread_blocked, id=3332, stack(0x00000000180d0000,0x00000000181d0000)]
  0x0000000016387800 JavaThread "C1 CompilerThread2" daemon [_thread_blocked, id=6092, stack(0x0000000017bd0000,0x0000000017cd0000)]
  0x0000000016380800 JavaThread "C2 CompilerThread1" daemon [_thread_blocked, id=6320, stack(0x0000000017ad0000,0x0000000017bd0000)]
=>0x000000001637c800 JavaThread "C2 CompilerThread0" daemon [_thread_in_native, id=6280, stack(0x00000000179d0000,0x0000000017ad0000)]
  0x000000001637b000 JavaThread "Attach Listener" daemon [_thread_blocked, id=5476, stack(0x00000000178d0000,0x00000000179d0000)]
  0x0000000016379800 JavaThread "Signal Dispatcher" daemon [_thread_blocked, id=2624, stack(0x00000000177d0000,0x00000000178d0000)]
  0x00000000029dc000 JavaThread "Finalizer" daemon [_thread_blocked, id=2992, stack(0x00000000175e0000,0x00000000176e0000)]
  0x0000000016369000 JavaThread "Reference Handler" daemon [_thread_blocked, id=1216, stack(0x00000000174e0000,0x00000000175e0000)]
  0x00000000027ae000 JavaThread "main" [_thread_blocked, id=2716, stack(0x00000000027c0000,0x00000000028c0000)]

Other Threads:
  0x0000000016347000 VMThread [stack: 0x00000000173e0000,0x00000000174e0000] [id=5228]
  0x00000000163dd800 WatcherThread [stack: 0x00000000181d0000,0x00000000182d0000] [id=4764]

VM state:at safepoint (normal execution)

VM Mutex/Monitor currently owned by a thread:  ([mutex/lock_event])
[0x00000000027ad290] Threads_lock - owner thread: 0x0000000016347000

heap address: 0x00000000a0000000, size: 1536 MB, Compressed Oops mode: 32-bit
Narrow klass base: 0x0000000000000000, Narrow klass shift: 3
Compressed class space size: 1073741824 Address: 0x0000000100000000

Heap:
 PSYoungGen      total 23552K, used 1685K [0x00000000e0000000, 0x00000000e2200000, 0x0000000100000000)
  eden space 12288K, 1% used [0x00000000e0000000,0x00000000e00355c0,0x00000000e0c00000)
  from space 11264K, 13% used [0x00000000e1700000,0x00000000e1870000,0x00000000e2200000)
  to   space 11264K, 0% used [0x00000000e0c00000,0x00000000e0c00000,0x00000000e1700000)
 ParOldGen       total 32768K, used 15022K [0x00000000a0000000, 0x00000000a2000000, 0x00000000e0000000)
  object space 32768K, 45% used [0x00000000a0000000,0x00000000a0eab8d8,0x00000000a2000000)
 Metaspace       used 35051K, capacity 36012K, committed 36096K, reserved 1081344K
  class space    used 4811K, capacity 5067K, committed 5120K, reserved 1048576K

Card table byte_map: [0x0000000011db0000,0x00000000120c0000] byte_map_base: 0x00000000118b0000

Marking Bits: (ParMarkBitMap*) 0x0000000077f79f30
 Begin Bits: [0x00000000126c0000, 0x0000000013ec0000)
 End Bits:   [0x0000000013ec0000, 0x00000000156c0000)

Polling page: 0x00000000028c0000

CodeCache: size=245760Kb used=10780Kb max_used=10780Kb free=234979Kb
 bounds [0x00000000029f0000, 0x0000000003490000, 0x00000000119f0000]
 total_blobs=3981 nmethods=3279 adapters=615
 compilation: enabled

Compilation events (10 events):
Event: 761.028 Thread 0x0000000016387800 nmethod 3723 0x0000000002f6f810 code [0x0000000002f6f980, 0x0000000002f6fb28]
Event: 761.028 Thread 0x0000000016387800 3724       3       java.util.jar.JarFile::checkForSpecialAttributes (58 bytes)
Event: 761.028 Thread 0x0000000016387800 nmethod 3724 0x0000000002ccfc90 code [0x0000000002ccfe20, 0x0000000002cd0178]
Event: 763.170 Thread 0x0000000016387800 3725       3       java.lang.reflect.Method::isSynthetic (5 bytes)
Event: 763.171 Thread 0x0000000016387800 nmethod 3725 0x000000000347b0d0 code [0x000000000347b240, 0x000000000347b4d0]
Event: 763.177 Thread 0x0000000016387800 3726       3       java.beans.PropertyDescriptor::getPropertyEditorClass (22 bytes)
Event: 763.178 Thread 0x0000000016387800 nmethod 3726 0x000000000347ab10 code [0x000000000347ac80, 0x000000000347afe8]
Event: 763.182 Thread 0x0000000016387800 3727       3       sun.reflect.generics.reflectiveObjects.WildcardTypeImpl::getUpperBounds (72 bytes)
Event: 763.182 Thread 0x000000001637c800 3728       4       java.beans.MethodRef::get (91 bytes)
Event: 763.184 Thread 0x0000000016387800 nmethod 3727 0x0000000002dbb910 code [0x0000000002dbbb00, 0x0000000002dbc578]

GC Heap History (10 events):
Event: 676.033 GC heap before
{Heap before GC invocations=26 (full 1):
 PSYoungGen      total 22016K, used 19964K [0x00000000e0000000, 0x00000000e2000000, 0x0000000100000000)
  eden space 12800K, 100% used [0x00000000e0000000,0x00000000e0c80000,0x00000000e0c80000)
  from space 9216K, 77% used [0x00000000e1600000,0x00000000e1cff058,0x00000000e1f00000)
  to   space 9728K, 0% used [0x00000000e0c80000,0x00000000e0c80000,0x00000000e1600000)
 ParOldGen       total 26112K, used 8023K [0x00000000a0000000, 0x00000000a1980000, 0x00000000e0000000)
  object space 26112K, 30% used [0x00000000a0000000,0x00000000a07d5cc0,0x00000000a1980000)
 Metaspace       used 34117K, capacity 34882K, committed 35200K, reserved 1079296K
  class space    used 4668K, capacity 4876K, committed 4992K, reserved 1048576K
Event: 676.062 GC heap after
Heap after GC invocations=26 (full 1):
 PSYoungGen      total 22528K, used 7744K [0x00000000e0000000, 0x00000000e2080000, 0x0000000100000000)
  eden space 12800K, 0% used [0x00000000e0000000,0x00000000e0000000,0x00000000e0c80000)
  from space 9728K, 79% used [0x00000000e0c80000,0x00000000e1410000,0x00000000e1600000)
  to   space 10240K, 0% used [0x00000000e1680000,0x00000000e1680000,0x00000000e2080000)
 ParOldGen       total 26112K, used 8031K [0x00000000a0000000, 0x00000000a1980000, 0x00000000e0000000)
  object space 26112K, 30% used [0x00000000a0000000,0x00000000a07d7cc0,0x00000000a1980000)
 Metaspace       used 34117K, capacity 34882K, committed 35200K, reserved 1079296K
  class space    used 4668K, capacity 4876K, committed 4992K, reserved 1048576K
}
Event: 714.743 GC heap before
{Heap before GC invocations=27 (full 1):
 PSYoungGen      total 22528K, used 20544K [0x00000000e0000000, 0x00000000e2080000, 0x0000000100000000)
  eden space 12800K, 100% used [0x00000000e0000000,0x00000000e0c80000,0x00000000e0c80000)
  from space 9728K, 79% used [0x00000000e0c80000,0x00000000e1410000,0x00000000e1600000)
  to   space 10240K, 0% used [0x00000000e1680000,0x00000000e1680000,0x00000000e2080000)
 ParOldGen       total 26112K, used 8031K [0x00000000a0000000, 0x00000000a1980000, 0x00000000e0000000)
  object space 26112K, 30% used [0x00000000a0000000,0x00000000a07d7cc0,0x00000000a1980000)
 Metaspace       used 34553K, capacity 35404K, committed 35456K, reserved 1079296K
  class space    used 4727K, capacity 4953K, committed 4992K, reserved 1048576K
Event: 714.753 GC heap after
Heap after GC invocations=27 (full 1):
 PSYoungGen      total 22528K, used 7761K [0x00000000e0000000, 0x00000000e2180000, 0x0000000100000000)
  eden space 12288K, 0% used [0x00000000e0000000,0x00000000e0000000,0x00000000e0c00000)
  from space 10240K, 75% used [0x00000000e1680000,0x00000000e1e146d8,0x00000000e2080000)
  to   space 10752K, 0% used [0x00000000e0c00000,0x00000000e0c00000,0x00000000e1680000)
 ParOldGen       total 26112K, used 8039K [0x00000000a0000000, 0x00000000a1980000, 0x00000000e0000000)
  object space 26112K, 30% used [0x00000000a0000000,0x00000000a07d9cc0,0x00000000a1980000)
 Metaspace       used 34553K, capacity 35404K, committed 35456K, reserved 1079296K
  class space    used 4727K, capacity 4953K, committed 4992K, reserved 1048576K
}
Event: 721.408 GC heap before
{Heap before GC invocations=28 (full 1):
 PSYoungGen      total 22528K, used 11196K [0x00000000e0000000, 0x00000000e2180000, 0x0000000100000000)
  eden space 12288K, 27% used [0x00000000e0000000,0x00000000e035a930,0x00000000e0c00000)
  from space 10240K, 75% used [0x00000000e1680000,0x00000000e1e146d8,0x00000000e2080000)
  to   space 10752K, 0% used [0x00000000e0c00000,0x00000000e0c00000,0x00000000e1680000)
 ParOldGen       total 26112K, used 8039K [0x00000000a0000000, 0x00000000a1980000, 0x00000000e0000000)
  object space 26112K, 30% used [0x00000000a0000000,0x00000000a07d9cc0,0x00000000a1980000)
 Metaspace       used 34627K, capacity 35404K, committed 35456K, reserved 1079296K
  class space    used 4738K, capacity 4953K, committed 4992K, reserved 1048576K
Event: 721.418 GC heap after
Heap after GC invocations=28 (full 1):
 PSYoungGen      total 23040K, used 7984K [0x00000000e0000000, 0x00000000e2200000, 0x0000000100000000)
  eden space 12288K, 0% used [0x00000000e0000000,0x00000000e0000000,0x00000000e0c00000)
  from space 10752K, 74% used [0x00000000e0c00000,0x00000000e13cc010,0x00000000e1680000)
  to   space 11264K, 0% used [0x00000000e1700000,0x00000000e1700000,0x00000000e2200000)
 ParOldGen       total 26112K, used 8047K [0x00000000a0000000, 0x00000000a1980000, 0x00000000e0000000)
  object space 26112K, 30% used [0x00000000a0000000,0x00000000a07dbcc0,0x00000000a1980000)
 Metaspace       used 34627K, capacity 35404K, committed 35456K, reserved 1079296K
  class space    used 4738K, capacity 4953K, committed 4992K, reserved 1048576K
}
Event: 721.418 GC heap before
{Heap before GC invocations=29 (full 2):
 PSYoungGen      total 23040K, used 7984K [0x00000000e0000000, 0x00000000e2200000, 0x0000000100000000)
  eden space 12288K, 0% used [0x00000000e0000000,0x00000000e0000000,0x00000000e0c00000)
  from space 10752K, 74% used [0x00000000e0c00000,0x00000000e13cc010,0x00000000e1680000)
  to   space 11264K, 0% used [0x00000000e1700000,0x00000000e1700000,0x00000000e2200000)
 ParOldGen       total 26112K, used 8047K [0x00000000a0000000, 0x00000000a1980000, 0x00000000e0000000)
  object space 26112K, 30% used [0x00000000a0000000,0x00000000a07dbcc0,0x00000000a1980000)
 Metaspace       used 34627K, capacity 35404K, committed 35456K, reserved 1079296K
  class space    used 4738K, capacity 4953K, committed 4992K, reserved 1048576K
Event: 722.655 GC heap after
Heap after GC invocations=29 (full 2):
 PSYoungGen      total 23040K, used 0K [0x00000000e0000000, 0x00000000e2200000, 0x0000000100000000)
  eden space 12288K, 0% used [0x00000000e0000000,0x00000000e0000000,0x00000000e0c00000)
  from space 10752K, 0% used [0x00000000e0c00000,0x00000000e0c00000,0x00000000e1680000)
  to   space 11264K, 0% used [0x00000000e1700000,0x00000000e1700000,0x00000000e2200000)
 ParOldGen       total 32768K, used 15014K [0x00000000a0000000, 0x00000000a2000000, 0x00000000e0000000)
  object space 32768K, 45% used [0x00000000a0000000,0x00000000a0ea98d8,0x00000000a2000000)
 Metaspace       used 34620K, capacity 35380K, committed 35456K, reserved 1079296K
  class space    used 4735K, capacity 4949K, committed 4992K, reserved 1048576K
}
Event: 763.191 GC heap before
{Heap before GC invocations=30 (full 2):
 PSYoungGen      total 23040K, used 12288K [0x00000000e0000000, 0x00000000e2200000, 0x0000000100000000)
  eden space 12288K, 100% used [0x00000000e0000000,0x00000000e0c00000,0x00000000e0c00000)
  from space 10752K, 0% used [0x00000000e0c00000,0x00000000e0c00000,0x00000000e1680000)
  to   space 11264K, 0% used [0x00000000e1700000,0x00000000e1700000,0x00000000e2200000)
 ParOldGen       total 32768K, used 15014K [0x00000000a0000000, 0x00000000a2000000, 0x00000000e0000000)
  object space 32768K, 45% used [0x00000000a0000000,0x00000000a0ea98d8,0x00000000a2000000)
 Metaspace       used 35051K, capacity 36012K, committed 36096K, reserved 1081344K
  class space    used 4811K, capacity 5067K, committed 5120K, reserved 1048576K
Event: 763.196 GC heap after
Heap after GC invocations=30 (full 2):
 PSYoungGen      total 23552K, used 1472K [0x00000000e0000000, 0x00000000e2200000, 0x0000000100000000)
  eden space 12288K, 0% used [0x00000000e0000000,0x00000000e0000000,0x00000000e0c00000)
  from space 11264K, 13% used [0x00000000e1700000,0x00000000e1870000,0x00000000e2200000)
  to   space 11264K, 0% used [0x00000000e0c00000,0x00000000e0c00000,0x00000000e1700000)
 ParOldGen       total 32768K, used 15022K [0x00000000a0000000, 0x00000000a2000000, 0x00000000e0000000)
  object space 32768K, 45% used [0x00000000a0000000,0x00000000a0eab8d8,0x00000000a2000000)
 Metaspace       used 35051K, capacity 36012K, committed 36096K, reserved 1081344K
  class space    used 4811K, capacity 5067K, committed 5120K, reserved 1048576K
}

Deoptimization events (10 events):
Event: 676.735 Thread 0x0000000018f97000 Uncommon trap: reason=class_check action=maybe_recompile pc=0x0000000002f0d5e0 method=java.util.concurrent.ConcurrentHashMap.putVal(Ljava/lang/Object;Ljava/lang/Object;Z)Ljava/lang/Object; @ 192
Event: 678.473 Thread 0x00000000198cd800 Uncommon trap: reason=unstable_if action=reinterpret pc=0x0000000002f77694 method=java.util.concurrent.locks.AbstractQueuedSynchronizer.acquireQueued(Ljava/util/concurrent/locks/AbstractQueuedSynchronizer$Node;I)Z @ 17
Event: 678.473 Thread 0x00000000198ce000 Uncommon trap: reason=unstable_if action=reinterpret pc=0x0000000002f77694 method=java.util.concurrent.locks.AbstractQueuedSynchronizer.acquireQueued(Ljava/util/concurrent/locks/AbstractQueuedSynchronizer$Node;I)Z @ 17
Event: 678.574 Thread 0x00000000198cc800 Uncommon trap: reason=unstable_if action=reinterpret pc=0x0000000002f0d5a4 method=java.util.concurrent.ConcurrentHashMap.putVal(Ljava/lang/Object;Ljava/lang/Object;Z)Ljava/lang/Object; @ 98
Event: 678.886 Thread 0x00000000198c8000 Uncommon trap: reason=class_check action=maybe_recompile pc=0x0000000002f0d5e0 method=java.util.concurrent.ConcurrentHashMap.putVal(Ljava/lang/Object;Ljava/lang/Object;Z)Ljava/lang/Object; @ 192
Event: 678.886 Thread 0x00000000198ce000 Uncommon trap: reason=class_check action=maybe_recompile pc=0x0000000002f0d5e0 method=java.util.concurrent.ConcurrentHashMap.putVal(Ljava/lang/Object;Ljava/lang/Object;Z)Ljava/lang/Object; @ 192
Event: 679.027 Thread 0x00000000198ce000 Uncommon trap: reason=unstable_if action=reinterpret pc=0x0000000002ebab20 method=java.util.concurrent.locks.AbstractQueuedSynchronizer$ConditionObject.addConditionWaiter()Ljava/util/concurrent/locks/AbstractQueuedSynchronizer$Node; @ 15
Event: 681.153 Thread 0x0000000018be2000 Uncommon trap: reason=unstable_if action=reinterpret pc=0x0000000002f7fb40 method=java.util.concurrent.locks.AbstractQueuedSynchronizer$ConditionObject.awaitNanos(J)J @ 47
Event: 724.513 Thread 0x0000000018f97000 Uncommon trap: reason=bimorphic action=maybe_recompile pc=0x0000000002fe6f78 method=java.util.AbstractCollection.addAll(Ljava/util/Collection;)Z @ 29
Event: 738.892 Thread 0x0000000018f97000 Uncommon trap: reason=unstable_if action=reinterpret pc=0x0000000002d0a8b8 method=java.util.jar.JarFile.match([C[B[I[I)Z @ 29

Classes redefined (0 events):
No events

Internal exceptions (10 events):
Event: 761.499 Thread 0x0000000018f97000 Exception <a 'java/security/PrivilegedActionException'> (0x00000000e099f680) thrown at [D:\src\AOSP-openjdk-cygwin\jdk8u\hotspot\src\share\vm\prims\jvm.cpp, line 1502]
Event: 763.157 Thread 0x0000000018f97000 Exception <a 'java/lang/ClassNotFoundException': org/gradle/api/tasks/Delete_DecoratedBeanInfo> (0x00000000e09ba0e8) thrown at [D:\src\AOSP-openjdk-cygwin\jdk8u\hotspot\src\share\vm\classfile\systemDictionary.cpp, line 210]
Event: 763.160 Thread 0x0000000018f97000 Exception <a 'java/lang/ClassNotFoundException': org/gradle/api/tasks/DeleteBeanInfo> (0x00000000e09e9e08) thrown at [D:\src\AOSP-openjdk-cygwin\jdk8u\hotspot\src\share\vm\classfile\systemDictionary.cpp, line 210]
Event: 763.162 Thread 0x0000000018f97000 Exception <a 'java/lang/ClassNotFoundException': org/gradle/api/internal/ConventionTaskBeanInfo> (0x00000000e0a1e968) thrown at [D:\src\AOSP-openjdk-cygwin\jdk8u\hotspot\src\share\vm\classfile\systemDictionary.cpp, line 210]
Event: 763.165 Thread 0x0000000018f97000 Exception <a 'java/lang/ClassNotFoundException': org/gradle/api/DefaultTaskBeanInfo> (0x00000000e0a4a268) thrown at [D:\src\AOSP-openjdk-cygwin\jdk8u\hotspot\src\share\vm\classfile\systemDictionary.cpp, line 210]
Event: 763.167 Thread 0x0000000018f97000 Exception <a 'java/lang/ClassNotFoundException': org/gradle/api/internal/AbstractTaskBeanInfo> (0x00000000e0a7df18) thrown at [D:\src\AOSP-openjdk-cygwin\jdk8u\hotspot\src\share\vm\classfile\systemDictionary.cpp, line 210]
Event: 763.169 Thread 0x0000000018f97000 Exception <a 'java/lang/ClassNotFoundException': org/gradle/api/internal/AbstractTaskCustomizer> (0x00000000e0ab2a88) thrown at [D:\src\AOSP-openjdk-cygwin\jdk8u\hotspot\src\share\vm\classfile\systemDictionary.cpp, line 210]
Event: 763.179 Thread 0x0000000018f97000 Exception <a 'java/lang/ClassNotFoundException': org/gradle/api/DefaultTaskCustomizer> (0x00000000e0b3ffc0) thrown at [D:\src\AOSP-openjdk-cygwin\jdk8u\hotspot\src\share\vm\classfile\systemDictionary.cpp, line 210]
Event: 763.181 Thread 0x0000000018f97000 Exception <a 'java/lang/ClassNotFoundException': org/gradle/api/internal/ConventionTaskCustomizer> (0x00000000e0b845c0) thrown at [D:\src\AOSP-openjdk-cygwin\jdk8u\hotspot\src\share\vm\classfile\systemDictionary.cpp, line 210]
Event: 763.185 Thread 0x0000000018f97000 Exception <a 'java/lang/ClassNotFoundException': org/gradle/api/tasks/DeleteCustomizer> (0x00000000e0bc50c8) thrown at [D:\src\AOSP-openjdk-cygwin\jdk8u\hotspot\src\share\vm\classfile\systemDictionary.cpp, line 210]

Events (10 events):
Event: 763.190 loading class org/gradle/api/tasks/Delete_DecoratedCustomizer done
Event: 763.190 Executing VM operation: ParallelGCFailedAllocation
Event: 763.196 Executing VM operation: ParallelGCFailedAllocation done
Event: 763.196 Executing VM operation: RevokeBias
Event: 763.196 Executing VM operation: RevokeBias done
Event: 763.197 Executing VM operation: RevokeBias
Event: 763.197 Executing VM operation: RevokeBias done
Event: 763.197 Executing VM operation: RevokeBias
Event: 763.197 Executing VM operation: RevokeBias done
Event: 763.197 Executing VM operation: RevokeBias


Dynamic libraries:
0x00007ff6d7080000 - 0x00007ff6d70b1000 	C:\Program Files\Android\Android Studio\jre\bin\java.exe
0x00007ffbcca70000 - 0x00007ffbccc32000 	C:\Windows\SYSTEM32\ntdll.dll
0x00007ffbca290000 - 0x00007ffbca33d000 	C:\Windows\system32\KERNEL32.DLL
0x00007ffbc9d90000 - 0x00007ffbc9f6d000 	C:\Windows\system32\KERNELBASE.dll
0x00007ffbcc8a0000 - 0x00007ffbcc946000 	C:\Windows\system32\ADVAPI32.dll
0x00007ffbcbea0000 - 0x00007ffbcbf3d000 	C:\Windows\system32\msvcrt.dll
0x00007ffbca680000 - 0x00007ffbca6db000 	C:\Windows\system32\sechost.dll
0x00007ffbcc1e0000 - 0x00007ffbcc306000 	C:\Windows\system32\RPCRT4.dll
0x00007ffbca140000 - 0x00007ffbca28e000 	C:\Windows\system32\USER32.dll
0x00007ffbca3b0000 - 0x00007ffbca535000 	C:\Windows\system32\GDI32.dll
0x00007ffbbb050000 - 0x00007ffbbb2c4000 	C:\Windows\WinSxS\amd64_microsoft.windows.common-controls_6595b64144ccf1df_6.0.10240.16384_none_f41f7b285750ef43\COMCTL32.dll
0x00007ffbcc950000 - 0x00007ffbcc986000 	C:\Windows\system32\IMM32.DLL
0x00007ffbcc310000 - 0x00007ffbcc46c000 	C:\Windows\system32\MSCTF.dll
0x0000000050200000 - 0x00000000502d2000 	C:\Program Files\Android\Android Studio\jre\jre\bin\msvcr100.dll
0x00000000777b0000 - 0x0000000077ff6000 	C:\Program Files\Android\Android Studio\jre\jre\bin\server\jvm.dll
0x00007ffbca540000 - 0x00007ffbca548000 	C:\Windows\system32\PSAPI.DLL
0x00007ffbc7a30000 - 0x00007ffbc7a39000 	C:\Windows\SYSTEM32\WSOCK32.dll
0x00007ffbb95d0000 - 0x00007ffbb95f3000 	C:\Windows\SYSTEM32\WINMM.dll
0x00007ffbc0350000 - 0x00007ffbc035a000 	C:\Windows\SYSTEM32\VERSION.dll
0x00007ffbb95a0000 - 0x00007ffbb95cc000 	C:\Windows\SYSTEM32\WINMMBASE.dll
0x00007ffbc9d40000 - 0x00007ffbc9d84000 	C:\Windows\system32\cfgmgr32.dll
0x00007ffbc7e10000 - 0x00007ffbc7e37000 	C:\Windows\SYSTEM32\DEVOBJ.dll
0x00007ffbca340000 - 0x00007ffbca3a9000 	C:\Windows\system32\WS2_32.dll
0x00007ffbcbe90000 - 0x00007ffbcbe98000 	C:\Windows\system32\NSI.dll
0x00007ffbc7320000 - 0x00007ffbc732f000 	C:\Program Files\Android\Android Studio\jre\jre\bin\verify.dll
0x00007ffbb2230000 - 0x00007ffbb2259000 	C:\Program Files\Android\Android Studio\jre\jre\bin\java.dll
0x00007ffbc60e0000 - 0x00007ffbc60f6000 	C:\Program Files\Android\Android Studio\jre\jre\bin\zip.dll
0x00007ffbca840000 - 0x00007ffbcbd65000 	C:\Windows\system32\SHELL32.dll
0x00007ffbc9710000 - 0x00007ffbc9d38000 	C:\Windows\system32\windows.storage.dll
0x00007ffbcbf40000 - 0x00007ffbcc1bc000 	C:\Windows\system32\combase.dll
0x00007ffbcbdd0000 - 0x00007ffbcbe21000 	C:\Windows\system32\shlwapi.dll
0x00007ffbc94a0000 - 0x00007ffbc94af000 	C:\Windows\system32\kernel.appcore.dll
0x00007ffbc9650000 - 0x00007ffbc9703000 	C:\Windows\system32\shcore.dll
0x00007ffbc94d0000 - 0x00007ffbc951a000 	C:\Windows\system32\powrprof.dll
0x00007ffbc94b0000 - 0x00007ffbc94c3000 	C:\Windows\system32\profapi.dll
0x00007ffbc5960000 - 0x00007ffbc597a000 	C:\Program Files\Android\Android Studio\jre\jre\bin\net.dll
0x00007ffbbf750000 - 0x00007ffbbf8e7000 	C:\Windows\SYSTEM32\urlmon.dll
0x00007ffbc2c30000 - 0x00007ffbc2fa6000 	C:\Windows\SYSTEM32\iertutil.dll
0x00007ffbc8ee0000 - 0x00007ffbc8eeb000 	C:\Windows\SYSTEM32\CRYPTBASE.dll
0x00007ffbc92f0000 - 0x00007ffbc935b000 	C:\Windows\SYSTEM32\bcryptPrimitives.dll
0x00007ffbc8d10000 - 0x00007ffbc8d6d000 	C:\Windows\system32\mswsock.dll
0x00007ffbbd830000 - 0x00007ffbbd843000 	C:\Program Files\Android\Android Studio\jre\jre\bin\nio.dll
0x00007ffbba190000 - 0x00007ffbba1b6000 	C:\Users\Roy Kathurima\.gradle\native\30\windows-amd64\native-platform.dll
0x00007ffbc64b0000 - 0x00007ffbc64bd000 	C:\Program Files\Android\Android Studio\jre\jre\bin\management.dll
0x00007ffbc8d70000 - 0x00007ffbc8d87000 	C:\Windows\SYSTEM32\CRYPTSP.dll
0x00007ffbc8fe0000 - 0x00007ffbc9008000 	C:\Windows\SYSTEM32\bcrypt.dll
0x00007ffbc89c0000 - 0x00007ffbc89f3000 	C:\Windows\system32\rsaenh.dll
0x00007ffbc8b60000 - 0x00007ffbc8b7f000 	C:\Windows\SYSTEM32\USERENV.dll
0x00007ffbc7160000 - 0x00007ffbc7198000 	C:\Windows\SYSTEM32\IPHLPAPI.DLL
0x00007ffbc7150000 - 0x00007ffbc715b000 	C:\Windows\SYSTEM32\WINNSI.DLL
0x00007ffbc4a40000 - 0x00007ffbc4a56000 	C:\Windows\SYSTEM32\dhcpcsvc6.DLL
0x00007ffbc4a20000 - 0x00007ffbc4a3a000 	C:\Windows\SYSTEM32\dhcpcsvc.DLL

VM Arguments:
jvm_args: -Xmx1536m -Dfile.encoding=windows-1252 -Duser.country=US -Duser.language=en -Duser.variant 
java_command: org.gradle.launcher.daemon.bootstrap.GradleDaemon 5.6.4
java_class_path (initial): C:\Users\Roy Kathurima\.gradle\wrapper\dists\gradle-5.6.4-all\ankdp27end7byghfw1q2sw75f\gradle-5.6.4\lib\gradle-launcher-5.6.4.jar
Launcher Type: SUN_STANDARD

Environment Variables:
PATH=C:\Windows\system32;C:\Windows;C:\Windows\System32\Wbem;C:\Windows\System32\WindowsPowerShell\v1.0\;C:\Program Files\nodejs\;C:\Program Files\Microsoft VS Code\bin;C:\Program Files\Git\cmd;C:\Program Files\Microsoft SQL Server\130\Tools\Binn\;C:\Program Files\dotnet\;C:\Users\Roy Kathurima\AppData\Local\Programs\Python\Python38\Scripts\;C:\Users\Roy Kathurima\AppData\Local\Programs\Python\Python38\;C:\Users\Roy Kathurima\AppData\Roaming\npm;C:\Program Files\Inkscape\bin;C:\Program Files\heroku\bin
USERNAME=Roy Kathurima
OS=Windows_NT
PROCESSOR_IDENTIFIER=Intel64 Family 6 Model 42 Stepping 7, GenuineIntel



---------------  S Y S T E M  ---------------

OS: Windows 10.0 , 64 bit Build 10240 (10.0.10240.16384)

CPU:total 4 (initial active 4) (2 cores per cpu, 2 threads per core) family 6 model 42 stepping 7, cmov, cx8, fxsr, mmx, sse, sse2, sse3, ssse3, sse4.1, sse4.2, popcnt, avx, aes, clmul, ht, tsc, tscinvbit

Memory: 4k page, physical 4102508k(171764k free), swap 16685420k(7572k free)

vm_info: OpenJDK 64-Bit Server VM (25.212-b04) for windows-amd64 JRE (1.8.0_212-release-1586-b04), built by "builder" with MS VC++ 10.0 (VS2010)

time: Thu Jul 23 09:33:16 2020
timezone: E. Africa Standard Time
elapsed time: 765 seconds (0d 0h 12m 45s)

